<?xml version="1.0" encoding="UTF-8"?>
<!-- Generated by org.testng.reporters.JUnitXMLReporter -->
<testsuite ignored="0" hostname="DESKTOP-QT7208L" failures="0" tests="4" name="Test" time="27.766" errors="0" timestamp="2025-03-14T15:00:05 IST">
  <testcase classname="testScript.LoginTest" name="verifyUserLoginWithValidUsernameAndValidPassword" time="4.384"/>
  <testcase classname="testScript.LoginTest" name="verifyUserLoginWithInvalidUsernameAndInvalidPassword" time="1.632"/>
  <testcase classname="testScript.LoginTest" name="verifyUserLoginWithInvalidUsernameAndvalidPassword" time="1.344"/>
  <testcase classname="testScript.LoginTest" name="verifyUserLoginWithValidUsernameAndInvalidPassword" time="1.672"/>
</testsuite> <!-- Test -->
