<?xml version="1.0" encoding="UTF-8"?>
<!-- Generated by org.testng.reporters.JUnitXMLReporter -->
<testsuite ignored="2" hostname="DESKTOP-QT7208L" failures="0" tests="1" name="Test" time="7.096" errors="0" timestamp="2025-03-18T14:37:49 IST">
  <testcase classname="testScript.AdminUserTest" name="verifyUsersIsAbleToRefreshNewlyAddedUsersPageUsingResetButton" time="3.649"/>
  <testcase classname="testScript.AdminUserTest" name="verifyWhetherUserIsAbleToAddNewUsersToUsersList" time="0.0">
    <ignored/>
  </testcase> <!-- verifyWhetherUserIsAbleToAddNewUsersToUsersList -->
  <testcase classname="testScript.AdminUserTest" name="verifyWhetherUsersIsAbleToSearchNewlyAddedUsersInTheNewlyAddedUsersList" time="0.0">
    <ignored/>
  </testcase> <!-- verifyWhetherUsersIsAbleToSearchNewlyAddedUsersInTheNewlyAddedUsersList -->
</testsuite> <!-- Test -->
