<?xml version="1.0" encoding="UTF-8"?>
<!-- Generated by org.testng.reporters.JUnitXMLReporter -->
<testsuite ignored="2" hostname="DESKTOP-QT7208L" failures="0" tests="2" name="Test" time="18.885" errors="0" timestamp="2025-03-11T14:14:31 IST">
  <testcase classname="testScript.LoginTest" name="verifyUserLoginWithValidUsernameAndValidPassword" time="4.923"/>
  <testcase classname="testScript.LoginTest" name="verifyUserLoginWithValidUsernameAndInvalidPassword" time="1.739"/>
  <testcase classname="testScript.LoginTest" name="verifyUserLoginWithInvalidUsernameAndvalidPassword" time="0.0">
    <ignored/>
  </testcase> <!-- verifyUserLoginWithInvalidUsernameAndvalidPassword -->
  <testcase classname="testScript.LoginTest" name="verifyUserLoginWithInvalidUsernameAndInvalidPassword" time="0.0">
    <ignored/>
  </testcase> <!-- verifyUserLoginWithInvalidUsernameAndInvalidPassword -->
</testsuite> <!-- Test -->
