<?xml version="1.0" encoding="UTF-8"?>
<!-- Generated by org.testng.reporters.JUnitXMLReporter -->
<testsuite ignored="2" hostname="DESKTOP-QT7208L" failures="0" tests="1" name="ChromeTest" time="15.026" errors="0" timestamp="2025-03-10T14:43:54 IST">
  <testcase classname="testScript.AdminUserTest" name="verifyWhetherUserIsAbleToAddNewUsersToUsersList" time="9.606"/>
  <testcase classname="testScript.AdminUserTest" name="verifyWhetherUsersIsAbleToSearchNewlyAddedUsersInTheNewlyAddedUsersList" time="0.0">
    <ignored/>
  </testcase> <!-- verifyWhetherUsersIsAbleToSearchNewlyAddedUsersInTheNewlyAddedUsersList -->
  <testcase classname="testScript.AdminUserTest" name="verifyUsersIsAbleToRefreshNewlyAddedUsersPageUsingResetButton" time="0.0">
    <ignored/>
  </testcase> <!-- verifyUsersIsAbleToRefreshNewlyAddedUsersPageUsingResetButton -->
</testsuite> <!-- ChromeTest -->
