<?xml version="1.0" encoding="UTF-8"?>
<!-- Generated by org.testng.reporters.JUnitXMLReporter -->
<testsuite ignored="2" hostname="DESKTOP-QT7208L" failures="0" tests="1" name="EdgeTest" time="11.213" errors="0" timestamp="2025-03-10T14:44:25 IST">
  <testcase classname="testScript.AdminUserTest" name="verifyWhetherUserIsAbleToAddNewUsersToUsersList" time="4.838"/>
  <testcase classname="testScript.AdminUserTest" name="verifyUsersIsAbleToRefreshNewlyAddedUsersPageUsingResetButton" time="0.0">
    <ignored/>
  </testcase> <!-- verifyUsersIsAbleToRefreshNewlyAddedUsersPageUsingResetButton -->
  <testcase classname="testScript.AdminUserTest" name="verifyWhetherUsersIsAbleToSearchNewlyAddedUsersInTheNewlyAddedUsersList" time="0.0">
    <ignored/>
  </testcase> <!-- verifyWhetherUsersIsAbleToSearchNewlyAddedUsersInTheNewlyAddedUsersList -->
</testsuite> <!-- EdgeTest -->
