<?xml version="1.0" encoding="UTF-8"?>
<!-- Generated by org.testng.reporters.JUnitXMLReporter -->
<testsuite ignored="2" hostname="DESKTOP-QT7208L" failures="0" tests="1" name="FirefoxTest" time="42.223" errors="0" timestamp="2025-03-14T14:21:53 IST">
  <testcase classname="testScript.AdminUserTest" name="verifyWhetherUserIsAbleToAddNewUsersToUsersList" time="17.17"/>
  <testcase classname="testScript.AdminUserTest" name="verifyUsersIsAbleToRefreshNewlyAddedUsersPageUsingResetButton" time="0.0">
    <ignored/>
  </testcase> <!-- verifyUsersIsAbleToRefreshNewlyAddedUsersPageUsingResetButton -->
  <testcase classname="testScript.AdminUserTest" name="verifyWhetherUsersIsAbleToSearchNewlyAddedUsersInTheNewlyAddedUsersList" time="0.0">
    <ignored/>
  </testcase> <!-- verifyWhetherUsersIsAbleToSearchNewlyAddedUsersInTheNewlyAddedUsersList -->
</testsuite> <!-- FirefoxTest -->
