<?xml version="1.0" encoding="UTF-8"?>
<!-- Generated by org.testng.reporters.JUnitXMLReporter -->
<testsuite ignored="2" hostname="DESKTOP-QT7208L" failures="0" tests="1" name="Test2" time="24.293" errors="0" timestamp="2025-03-24T15:13:57 IST">
  <testcase classname="testScript.AdminUserTest" name="verifyWhetherUserIsAbleToAddNewUsersToUsersList" time="12.909"/>
  <testcase classname="testScript.AdminUserTest" name="verifyWhetherUsersIsAbleToSearchNewlyAddedUsersInTheNewlyAddedUsersList" time="0.0">
    <ignored/>
  </testcase> <!-- verifyWhetherUsersIsAbleToSearchNewlyAddedUsersInTheNewlyAddedUsersList -->
  <testcase classname="testScript.AdminUserTest" name="verifyUsersIsAbleToRefreshNewlyAddedUsersPageUsingResetButton" time="0.0">
    <ignored/>
  </testcase> <!-- verifyUsersIsAbleToRefreshNewlyAddedUsersPageUsingResetButton -->
</testsuite> <!-- Test2 -->
