<?xml version="1.0" encoding="UTF-8"?>
<!-- Generated by org.testng.reporters.JUnitXMLReporter -->
<testsuite ignored="3" hostname="DESKTOP-QT7208L" failures="0" tests="1" name="Test1" time="23.906" errors="0" timestamp="2025-03-24T15:13:57 IST">
  <testcase classname="testScript.LoginTest" name="verifyUserLoginWithValidUsernameAndValidPassword" time="6.906"/>
  <testcase classname="testScript.LoginTest" name="verifyUserLoginWithInvalidUsernameAndvalidPassword" time="0.0">
    <ignored/>
  </testcase> <!-- verifyUserLoginWithInvalidUsernameAndvalidPassword -->
  <testcase classname="testScript.LoginTest" name="verifyUserLoginWithValidUsernameAndInvalidPassword" time="0.0">
    <ignored/>
  </testcase> <!-- verifyUserLoginWithValidUsernameAndInvalidPassword -->
  <testcase classname="testScript.LoginTest" name="verifyUserLoginWithInvalidUsernameAndInvalidPassword" time="0.0">
    <ignored/>
  </testcase> <!-- verifyUserLoginWithInvalidUsernameAndInvalidPassword -->
</testsuite> <!-- Test1 -->
