<?xml version="1.0" encoding="UTF-8"?>
<testng-results ignored="0" total="4" passed="4" failed="0" skipped="0">
  <reporter-output>
  </reporter-output>
  <suite started-at="2025-03-14T14:59:36 IST" name="Suite" finished-at="2025-03-14T15:00:04 IST" duration-ms="27766">
    <groups>
      <group name="smoke">
        <method signature="LoginTest.verifyUserLoginWithValidUsernameAndValidPassword()[pri:1, instance:testScript.LoginTest@6cd24612]" name="verifyUserLoginWithValidUsernameAndValidPassword" class="testScript.LoginTest"/>
        <method signature="LoginTest.verifyUserLoginWithValidUsernameAndInvalidPassword()[pri:4, instance:testScript.LoginTest@6cd24612]" name="verifyUserLoginWithValidUsernameAndInvalidPassword" class="testScript.LoginTest"/>
      </group> <!-- smoke -->
    </groups>
    <test started-at="2025-03-14T14:59:36 IST" name="Test" finished-at="2025-03-14T15:00:04 IST" duration-ms="27766">
      <class name="testScript.LoginTest">
        <test-method is-config="true" signature="initializeBrowser(java.lang.String)[pri:0, instance:testScript.LoginTest@6cd24612]" started-at="2025-03-14T14:59:36 IST" name="initializeBrowser" finished-at="2025-03-14T14:59:41 IST" duration-ms="5184" status="PASS">
          <params>
            <param index="0">
              <value>
                <![CDATA[chrome]]>
              </value>
            </param>
          </params>
          <reporter-output>
          </reporter-output>
        </test-method> <!-- initializeBrowser -->
        <test-method signature="verifyUserLoginWithValidUsernameAndValidPassword()[pri:1, instance:testScript.LoginTest@6cd24612]" started-at="2025-03-14T14:59:41 IST" name="verifyUserLoginWithValidUsernameAndValidPassword" description=" verification with valid credentials" finished-at="2025-03-14T14:59:46 IST" duration-ms="4384" status="PASS">
          <reporter-output>
          </reporter-output>
        </test-method> <!-- verifyUserLoginWithValidUsernameAndValidPassword -->
        <test-method is-config="true" signature="driverQuit(org.testng.ITestResult)[pri:0, instance:testScript.LoginTest@6cd24612]" started-at="2025-03-14T14:59:46 IST" name="driverQuit" finished-at="2025-03-14T14:59:47 IST" duration-ms="840" status="PASS">
          <params>
            <param index="0">
              <value>
                <![CDATA[[TestResult name=verifyUserLoginWithValidUsernameAndValidPassword status=SUCCESS method=LoginTest.verifyUserLoginWithValidUsernameAndValidPassword()[pri:1, instance:testScript.LoginTest@6cd24612] output={null}]]]>
              </value>
            </param>
          </params>
          <reporter-output>
          </reporter-output>
        </test-method> <!-- driverQuit -->
        <test-method is-config="true" signature="initializeBrowser(java.lang.String)[pri:0, instance:testScript.LoginTest@6cd24612]" started-at="2025-03-14T14:59:47 IST" name="initializeBrowser" finished-at="2025-03-14T14:59:50 IST" duration-ms="3337" status="PASS">
          <params>
            <param index="0">
              <value>
                <![CDATA[chrome]]>
              </value>
            </param>
          </params>
          <reporter-output>
          </reporter-output>
        </test-method> <!-- initializeBrowser -->
        <test-method signature="verifyUserLoginWithInvalidUsernameAndInvalidPassword()[pri:2, instance:testScript.LoginTest@6cd24612]" started-at="2025-03-14T14:59:50 IST" name="verifyUserLoginWithInvalidUsernameAndInvalidPassword" description="user login with invalid credentials" finished-at="2025-03-14T14:59:52 IST" duration-ms="1632" status="PASS">
          <reporter-output>
          </reporter-output>
        </test-method> <!-- verifyUserLoginWithInvalidUsernameAndInvalidPassword -->
        <test-method is-config="true" signature="driverQuit(org.testng.ITestResult)[pri:0, instance:testScript.LoginTest@6cd24612]" started-at="2025-03-14T14:59:52 IST" name="driverQuit" finished-at="2025-03-14T14:59:53 IST" duration-ms="1278" status="PASS">
          <params>
            <param index="0">
              <value>
                <![CDATA[[TestResult name=verifyUserLoginWithInvalidUsernameAndInvalidPassword status=SUCCESS method=LoginTest.verifyUserLoginWithInvalidUsernameAndInvalidPassword()[pri:2, instance:testScript.LoginTest@6cd24612] output={null}]]]>
              </value>
            </param>
          </params>
          <reporter-output>
          </reporter-output>
        </test-method> <!-- driverQuit -->
        <test-method is-config="true" signature="initializeBrowser(java.lang.String)[pri:0, instance:testScript.LoginTest@6cd24612]" started-at="2025-03-14T14:59:53 IST" name="initializeBrowser" finished-at="2025-03-14T14:59:56 IST" duration-ms="2982" status="PASS">
          <params>
            <param index="0">
              <value>
                <![CDATA[chrome]]>
              </value>
            </param>
          </params>
          <reporter-output>
          </reporter-output>
        </test-method> <!-- initializeBrowser -->
        <test-method signature="verifyUserLoginWithInvalidUsernameAndvalidPassword()[pri:3, instance:testScript.LoginTest@6cd24612]" started-at="2025-03-14T14:59:56 IST" name="verifyUserLoginWithInvalidUsernameAndvalidPassword" description="user login with invalid username and valid password" finished-at="2025-03-14T14:59:57 IST" duration-ms="1344" status="PASS">
          <reporter-output>
          </reporter-output>
        </test-method> <!-- verifyUserLoginWithInvalidUsernameAndvalidPassword -->
        <test-method is-config="true" signature="driverQuit(org.testng.ITestResult)[pri:0, instance:testScript.LoginTest@6cd24612]" started-at="2025-03-14T14:59:57 IST" name="driverQuit" finished-at="2025-03-14T14:59:58 IST" duration-ms="748" status="PASS">
          <params>
            <param index="0">
              <value>
                <![CDATA[[TestResult name=verifyUserLoginWithInvalidUsernameAndvalidPassword status=SUCCESS method=LoginTest.verifyUserLoginWithInvalidUsernameAndvalidPassword()[pri:3, instance:testScript.LoginTest@6cd24612] output={null}]]]>
              </value>
            </param>
          </params>
          <reporter-output>
          </reporter-output>
        </test-method> <!-- driverQuit -->
        <test-method is-config="true" signature="initializeBrowser(java.lang.String)[pri:0, instance:testScript.LoginTest@6cd24612]" started-at="2025-03-14T14:59:58 IST" name="initializeBrowser" finished-at="2025-03-14T15:00:01 IST" duration-ms="3119" status="PASS">
          <params>
            <param index="0">
              <value>
                <![CDATA[chrome]]>
              </value>
            </param>
          </params>
          <reporter-output>
          </reporter-output>
        </test-method> <!-- initializeBrowser -->
        <test-method signature="verifyUserLoginWithValidUsernameAndInvalidPassword()[pri:4, instance:testScript.LoginTest@6cd24612]" started-at="2025-03-14T15:00:01 IST" name="verifyUserLoginWithValidUsernameAndInvalidPassword" description="user login verification with valid username and invalid password" finished-at="2025-03-14T15:00:03 IST" duration-ms="1672" status="PASS">
          <reporter-output>
          </reporter-output>
        </test-method> <!-- verifyUserLoginWithValidUsernameAndInvalidPassword -->
        <test-method is-config="true" signature="driverQuit(org.testng.ITestResult)[pri:0, instance:testScript.LoginTest@6cd24612]" started-at="2025-03-14T15:00:03 IST" name="driverQuit" finished-at="2025-03-14T15:00:04 IST" duration-ms="1074" status="PASS">
          <params>
            <param index="0">
              <value>
                <![CDATA[[TestResult name=verifyUserLoginWithValidUsernameAndInvalidPassword status=SUCCESS method=LoginTest.verifyUserLoginWithValidUsernameAndInvalidPassword()[pri:4, instance:testScript.LoginTest@6cd24612] output={null}]]]>
              </value>
            </param>
          </params>
          <reporter-output>
          </reporter-output>
        </test-method> <!-- driverQuit -->
      </class> <!-- testScript.LoginTest -->
    </test> <!-- Test -->
  </suite> <!-- Suite -->
</testng-results>
