<?xml version="1.0" encoding="UTF-8"?>
<testng-results ignored="2" total="3" passed="1" failed="0" skipped="0">
  <reporter-output>
  </reporter-output>
  <suite started-at="2025-03-05T10:22:27 IST" name="Default suite" finished-at="2025-03-05T10:22:56 IST" duration-ms="28920">
    <groups>
    </groups>
    <test started-at="2025-03-05T10:22:27 IST" name="Default test" finished-at="2025-03-05T10:22:56 IST" duration-ms="28920">
      <class name="testScript.AdminUserTest">
        <test-method is-config="true" signature="initializeBrowser()[pri:0, instance:testScript.AdminUserTest@498d318c]" started-at="2025-03-05T10:22:27 IST" name="initializeBrowser" finished-at="2025-03-05T10:22:51 IST" duration-ms="23940" status="PASS">
          <reporter-output>
          </reporter-output>
        </test-method> <!-- initializeBrowser -->
        <test-method signature="verifyWhetherUsersIsAbleToSearchNewlyAddedUsersInTheNewlyAddedUsersList()[pri:2, instance:testScript.AdminUserTest@498d318c]" started-at="2025-03-05T10:22:51 IST" name="verifyWhetherUsersIsAbleToSearchNewlyAddedUsersInTheNewlyAddedUsersList" description="verification of user can search admin users in AdminUsers list by clicking Search button" finished-at="2025-03-05T10:22:56 IST" duration-ms="4902" status="PASS">
          <reporter-output>
          </reporter-output>
        </test-method> <!-- verifyWhetherUsersIsAbleToSearchNewlyAddedUsersInTheNewlyAddedUsersList -->
        <test-method is-config="true" signature="driverClose()[pri:0, instance:testScript.AdminUserTest@498d318c]" started-at="2025-03-05T10:22:56 IST" name="driverClose" finished-at="2025-03-05T10:22:56 IST" duration-ms="2" status="PASS">
          <reporter-output>
          </reporter-output>
        </test-method> <!-- driverClose -->
      </class> <!-- testScript.AdminUserTest -->
    </test> <!-- Default test -->
  </suite> <!-- Default suite -->
</testng-results>
